C 4.889184 0.715267 0.000000
C 4.889184 -0.715267 0.000000
H 5.837094 -1.246479 0.000000
H 5.837094 1.246479 0.000000
C 3.711380 1.409387 0.000000
C 3.711380 -1.409387 0.000000
C 2.450840 0.725941 0.000000
C 2.450840 -0.725941 0.000000
H 3.709630 2.496931 0.000000
H 3.709630 -2.496931 0.000000
C 1.235427 1.406152 0.000000
C 1.235427 -1.406152 0.000000
C 0.000016 0.726124 0.000000
C 0.000016 -0.726124 0.000000
H 1.235305 2.494321 0.000000
H 1.235305 -2.494321 0.000000
C -1.235526 1.406147 0.000000
C -1.235526 -1.406147 0.000000
C -2.450799 0.725948 0.000000
C -2.450799 -0.725948 0.000000
H -1.235335 2.494309 0.000000
H -1.235335 -2.494309 0.000000
C -3.711407 1.409399 0.000000
C -3.711407 -1.409399 0.000000
C -4.889136 0.715307 0.000000
C -4.889136 -0.715307 0.000000
H -3.709510 2.496929 0.000000
H -3.709510 -2.496929 0.000000
H -5.837057 1.246476 0.000000
H -5.837057 -1.246476 0.000000
   
