C -7.350517 0.715773 0.000000
C -7.350517 -0.715773 0.000000
H -8.298142 -1.247504 0.000000
H -8.298142 1.247504 0.000000
C -6.172862 1.409775 0.000000
C -6.172862 -1.409775 0.000000
C -4.911467 0.727133 0.000000
C -4.911467 -0.727133 0.000000
H -6.170427 2.497230 0.000000
H -6.170427 -2.497230 0.000000
C -3.698398 1.407935 0.000000
C -3.698398 -1.407935 0.000000
C -2.457546 0.729346 0.000000
C -2.457546 -0.729346 0.000000
H -3.698513 2.496086 0.000000
H -3.698513 -2.496086 0.000000
C -1.232079 1.409756 0.000000
C -1.232079 -1.409756 0.000000
C 0.000001 0.730568 0.000000
C 0.000001 -0.730568 0.000000
H -1.232324 2.497778 0.000000
H -1.232324 -2.497778 0.000000
C 1.232076 1.409755 0.000000
C 1.232076 -1.409755 0.000000
C 2.457547 0.729345 0.000000
C 2.457547 -0.729345 0.000000
H 1.232315 2.497777 0.000000
H 1.232315 -2.497777 0.000000
C 3.698396 1.407933 0.000000
C 3.698396 -1.407933 0.000000
C 4.911470 0.727133 0.000000
C 4.911470 -0.727133 0.000000
H 3.698508 2.496084 0.000000
H 3.698508 -2.496084 0.000000
C 6.172863 1.409777 0.000000
C 6.172863 -1.409777 0.000000
C 7.350516 0.715771 0.000000
C 7.350516 -0.715771 0.000000
H 6.170439 2.497232 0.000000
H 6.170439 -2.497232 0.000000
H 8.298147 1.247490 0.000000
H 8.298147 -1.247490 0.000000
   
