C 9.822751 0.713143 0.000000
C 9.822751 -0.713143 0.000000
H 10.769689 -1.246217 0.000000
H 10.769689 1.246217 0.000000
C 8.640499 1.406976 0.000000
C 8.640499 -1.406976 0.000000
C 7.384570 0.724117 0.000000
C 7.384570 -0.724117 0.000000
H 8.636571 2.494304 0.000000
H 8.636571 -2.494304 0.000000
C 6.162609 1.405479 0.000000
C 6.162609 -1.405479 0.000000
C 4.929929 0.727469 0.000000
C 4.929929 -0.727469 0.000000
H 6.161034 2.493535 0.000000
H 6.161034 -2.493535 0.000000
C 3.694126 1.408421 0.000000
C 3.694126 -1.408421 0.000000
C 2.467559 0.730635 0.000000
C 2.467559 -0.730635 0.000000
H 3.692886 2.496398 0.000000
H 3.692886 -2.496398 0.000000
C 1.230750 1.409903 0.000000
C 1.230750 -1.409903 0.000000
C -0.000016 0.731730 0.000000
C -0.000016 -0.731730 0.000000
H 1.230172 2.497885 0.000000
H 1.230172 -2.497885 0.000000
C -1.230777 1.409902 0.000000
C -1.230777 -1.409902 0.000000
C -2.467583 0.730633 0.000000
C -2.467583 -0.730633 0.000000
H -1.230207 2.497883 0.000000
H -1.230207 -2.497883 0.000000
C -3.694139 1.408418 0.000000
C -3.694139 -1.408418 0.000000
C -4.929935 0.727466 0.000000
C -4.929935 -0.727466 0.000000
H -3.692907 2.496394 0.000000
H -3.692907 -2.496394 0.000000
C -6.162601 1.405476 0.000000
C -6.162601 -1.405476 0.000000
C -7.384554 0.724113 0.000000
C -7.384554 -0.724113 0.000000
H -6.161031 2.493529 0.000000
H -6.161031 -2.493529 0.000000
C -8.640472 1.406970 0.000000
C -8.640472 -1.406970 0.000000
C -9.822720 0.713143 0.000000
C -9.822720 -0.713143 0.000000
H -8.636541 2.494295 0.000000
H -8.636541 -2.494295 0.000000
H -10.769647 1.246231 0.000000
H -10.769647 -1.246231 0.000000
   
