C 6.117721 0.716456 0.000000
C 6.117721 -0.716456 0.000000
H 7.065952 -1.247064 0.000000
H 7.065952 1.247064 0.000000
C 4.941657 1.410527 0.000000
C 4.941657 -1.410527 0.000000
C 3.678746 0.727647 0.000000
C 3.678746 -0.727647 0.000000
H 4.939919 2.498020 0.000000
H 4.939919 -2.498020 0.000000
C 2.467582 1.407836 0.000000
C 2.467582 -1.407836 0.000000
C 1.226500 0.728534 0.000000
C 1.226500 -0.728534 0.000000
H 2.467624 2.495998 0.000000
H 2.467624 -2.495998 0.000000
C -0.000028 1.408524 0.000000
C -0.000028 -1.408524 0.000000
C -1.226469 0.728539 0.000000
C -1.226469 -0.728539 0.000000
H -0.000017 2.496573 0.000000
H -0.000017 -2.496573 0.000000
C -2.467625 1.407846 0.000000
C -2.467625 -1.407846 0.000000
C -3.678713 0.727655 0.000000
C -3.678713 -0.727655 0.000000
H -2.467643 2.496006 0.000000
H -2.467643 -2.496006 0.000000
C -4.941671 1.410535 0.000000
C -4.941671 -1.410535 0.000000
C -6.117708 0.716482 0.000000
C -6.117708 -0.716482 0.000000
H -4.939849 2.498024 0.000000
H -4.939849 -2.498024 0.000000
H -7.065930 1.247100 0.000000
H -7.065930 -1.247100 0.000000
   
