C -3.660857 0.713070 0.000000
C -3.660857 -0.713070 0.000000
H -4.607652 -1.246404 0.000000
H -4.607652 1.246404 0.000000
C -2.479632 1.407088 0.000000
C -2.479632 -1.407088 0.000000
C -1.224085 0.722636 0.000000
C -1.224085 -0.722636 0.000000
H -2.477321 2.494657 0.000000
H -2.477321 -2.494657 0.000000
C 0.000029 1.403284 0.000000
C 0.000029 -1.403284 0.000000
C 1.224035 0.722646 0.000000
C 1.224035 -0.722646 0.000000
H -0.000033 2.491609 0.000000
H -0.000033 -2.491609 0.000000
C 2.479679 1.407102 0.000000
C 2.479679 -1.407102 0.000000
C 3.660841 0.713104 0.000000
C 3.660841 -0.713104 0.000000
H 2.477242 2.494663 0.000000
H 2.477242 -2.494663 0.000000
H 4.607703 1.246313 0.000000
H 4.607703 -1.246313 0.000000
   
